<?xml version="1.0" encoding="UTF-8"?>
<!-- Generated by org.testng.reporters.JUnitXMLReporter -->
<testsuite hostname="Jasimuddin" ignored="0" name="Surefire test" tests="4" failures="0" timestamp="04 Oct 2021 20:48:52 GMT" time="0.037" errors="0">
  <testcase name="jiraPost" time="0.01" classname="MavenProject.FirstMavenE2EProject.RestAssuredTest"/>
  <testcase name="twitterdelete" time="0.0" classname="MavenProject.FirstMavenE2EProject.RestAssuredTest"/>
  <testcase name="browserTest" time="0.001" classname="MavenProject.FirstMavenE2EProject.seleniumTest"/>
  <testcase name="elementui" time="0.0" classname="MavenProject.FirstMavenE2EProject.seleniumTest"/>
</testsuite> <!-- Surefire test -->
