<?xml version="1.0" encoding="UTF-8"?>
<!-- Generated by org.testng.reporters.JUnitXMLReporter -->
<testsuite hostname="Jasimuddin" ignored="0" name="Test" tests="4" failures="0" timestamp="04 Oct 2021 21:09:44 GMT" time="0.042" errors="0">
  <testcase name="browserTest" time="0.009" classname="MavenProject.FirstMavenE2EProject.seleniumTest"/>
  <testcase name="elementui" time="0.0" classname="MavenProject.FirstMavenE2EProject.seleniumTest"/>
  <testcase name="anroid" time="0.0" classname="MavenProject.FirstMavenE2EProject.ApiumTest"/>
  <testcase name="ios" time="0.0" classname="MavenProject.FirstMavenE2EProject.ApiumTest"/>
</testsuite> <!-- Test -->
